<?xml version="1.0" encoding="UTF-8"?>
<!-- Generated by org.testng.reporters.JUnitReportReporter -->
<testsuite hostname="TG-LAP-44" failures="0" tests="2" name="Runners.TestRunner" time="34.992" errors="0" timestamp="2025-02-20T01:37:49 IST" skipped="0">
  <testcase classname="Runners.TestRunner" name="runScenario" time="34.983"/>
  <testcase classname="Runners.TestRunner" name="runCucumberTests" time="0.009"/>
</testsuite> <!-- Runners.TestRunner -->
