<?xml version="1.0" encoding="UTF-8"?>
<!-- Generated by org.testng.reporters.JUnitReportReporter -->
<testsuite hostname="TG-LAP-44" failures="0" tests="1" name="com.stepdefinitions.MyTestClass" time="0.000" errors="0" timestamp="2025-02-20T01:15:12 IST" skipped="0">
  <testcase classname="com.stepdefinitions.MyTestClass" name="testMethod1" time="0.000"/>
</testsuite> <!-- com.stepdefinitions.MyTestClass -->
