<?xml version="1.0" encoding="UTF-8"?>
<!-- Generated by org.testng.reporters.JUnitReportReporter -->
<testsuite hostname="TG-LAP-44" failures="0" tests="1" name="com.stepdefinitions.SimpleTest" time="0.013" errors="0" timestamp="2025-02-20T01:02:26 IST" skipped="0">
  <testcase classname="com.stepdefinitions.SimpleTest" name="testMethod" time="0.013"/>
</testsuite> <!-- com.stepdefinitions.SimpleTest -->
