<?xml version="1.0" encoding="UTF-8"?>
<!-- Generated by org.testng.reporters.JUnitReportReporter -->
<testsuite hostname="TG-LAP-44" failures="0" tests="2" name="com.runners.TestRunner" time="81.335" errors="0" timestamp="2025-02-25T13:42:40 IST" skipped="0">
  <testcase classname="com.runners.TestRunner" name="runScenario" time="81.331"/>
  <testcase classname="com.runners.TestRunner" name="runCucumberTests" time="0.004"/>
</testsuite> <!-- com.runners.TestRunner -->
