<?xml version="1.0" encoding="UTF-8"?>
<!-- Generated by org.testng.reporters.JUnitReportReporter -->
<testsuite hostname="TG-LAP-44" failures="0" tests="2" name="com.runners.TestRunner" time="45.115" errors="0" timestamp="2025-02-24T21:52:39 IST" skipped="0">
  <testcase classname="com.runners.TestRunner" name="runScenario" time="45.108"/>
  <testcase classname="com.runners.TestRunner" name="runCucumberTests" time="0.007"/>
</testsuite> <!-- com.runners.TestRunner -->
