<?xml version="1.0" encoding="UTF-8"?>
<!-- Generated by org.testng.reporters.JUnitReportReporter -->
<testsuite hostname="TG-LAP-44" failures="0" tests="2" name="Runners.TestRunner" time="33.197" errors="0" timestamp="2025-01-08T14:25:26 IST" skipped="0">
  <testcase classname="Runners.TestRunner" name="runScenario" time="33.197"/>
  <testcase classname="Runners.TestRunner" name="runCucumberTests" time="0.000"/>
</testsuite> <!-- Runners.TestRunner -->
